<?xml version="1.0" encoding="UTF-8"?>
<testsuite xmlns:xsi="http://www.w3.org/2001/XMLSchema-instance" xsi:noNamespaceSchemaLocation="https://maven.apache.org/surefire/maven-surefire-plugin/xsd/surefire-test-report-3.0.xsd" version="3.0" name="com.example.AppTest" time="0.034" tests="3" errors="0" skipped="0" failures="0">
  <properties>
[...]
</properties>
  <testcase name="testFineCalculation_EdgeCase_ZeroBooks" classname="com.example.AppTest" time="0.018"/>
  <testcase name="testFineCalculation_LateDays" classname="com.example.AppTest" time="0.0"/>
  <testcase name="testFineCalculation_NoLateDays" classname="com.example.AppTest" time="0.001"/>
</testsuite>